Using pre-set license
Built from '2021.1/release' branch; Version is '2021.1.4f1 (4cd64a618c1b) revision 5035594'; Using compiler version '192528614'; Build Type 'Release'
OS: 'Windows 10 Pro; OS build 19041.264; Version 2004; 64bit' Language: 'en' Physical Memory: 8065 MB
BatchMode: 1, IsHumanControllingUs: 0, StartBugReporterOnCrash: 0, Is64bit: 1, IsPro: 0

 COMMAND LINE ARGUMENTS:
C:\Program Files\Unity\Hub\Editor\2021.1.4f1\Editor\Unity.exe
-adb2
-batchMode
-noUpm
-name
AssetImportWorker7
-projectPath
C:/Users/gshea/Desktop/School/GameDev/Ludum48/gitfolder/LudumDare48/Ludum Dare 48
-logFile
Logs/AssetImportWorker7.log
-srvPort
61413
Successfully changed project path to: C:/Users/gshea/Desktop/School/GameDev/Ludum48/gitfolder/LudumDare48/Ludum Dare 48
C:/Users/gshea/Desktop/School/GameDev/Ludum48/gitfolder/LudumDare48/Ludum Dare 48
Using Asset Import Pipeline V2.
Refreshing native plugins compatible for Editor in 171.48 ms, found 2 plugins.
Preloading 0 native plugins for Editor in 0.00 ms.
Initialize engine version: 2021.1.4f1 (4cd64a618c1b)
[Subsystems] Discovering subsystems at path C:/Program Files/Unity/Hub/Editor/2021.1.4f1/Editor/Data/Resources/UnitySubsystems
[Subsystems] Discovering subsystems at path C:/Users/gshea/Desktop/School/GameDev/Ludum48/gitfolder/LudumDare48/Ludum Dare 48/Assets
GfxDevice: creating device client; threaded=0; jobified=0
Direct3D:
    Version:  Direct3D 11.0 [level 11.0]
    Renderer: NVIDIA Quadro K1000M (ID=0xffc)
    Vendor:   NVIDIA
    VRAM:     2018 MB
    Driver:   22.21.13.8216
Shader 'Universal Render Pipeline/Particles/Lit': fallback shader 'Universal Render Pipeline/Particles/SimpleLit' not found
Initialize mono
Mono path[0] = 'C:/Program Files/Unity/Hub/Editor/2021.1.4f1/Editor/Data/Managed'
Mono path[1] = 'C:/Program Files/Unity/Hub/Editor/2021.1.4f1/Editor/Data/MonoBleedingEdge/lib/mono/unityjit'
Mono config path = 'C:/Program Files/Unity/Hub/Editor/2021.1.4f1/Editor/Data/MonoBleedingEdge/etc'
Using monoOptions --debugger-agent=transport=dt_socket,embedding=1,server=y,suspend=n,address=127.0.0.1:56252
Begin MonoManager ReloadAssembly
Registering precompiled unity dll's ...
Register platform support module: C:/Program Files/Unity/Hub/Editor/2021.1.4f1/Editor/Data/PlaybackEngines/WebGLSupport/UnityEditor.WebGL.Extensions.dll
Register platform support module: C:/Program Files/Unity/Hub/Editor/2021.1.4f1/Editor/Data/PlaybackEngines/WindowsStandaloneSupport/UnityEditor.WindowsStandalone.Extensions.dll
Registered in 0.003410 seconds.
Native extension for WindowsStandalone target not found
Native extension for WebGL target not found
Refreshing native plugins compatible for Editor in 165.56 ms, found 2 plugins.
Preloading 0 native plugins for Editor in 0.00 ms.
Mono: successfully reloaded assembly
- Completed reload, in  1.972 seconds
Platform modules already initialized, skipping
Registering precompiled user dll's ...
Registered in 0.005113 seconds.
Begin MonoManager ReloadAssembly
Native extension for WindowsStandalone target not found
Native extension for WebGL target not found
Refreshing native plugins compatible for Editor in 160.54 ms, found 2 plugins.
Preloading 0 native plugins for Editor in 0.00 ms.
Mono: successfully reloaded assembly
- Completed reload, in  1.878 seconds
Platform modules already initialized, skipping
========================================================================
Worker process is ready to serve import requests
Shader 'Universal Render Pipeline/Particles/Lit': fallback shader 'Universal Render Pipeline/Particles/SimpleLit' not found
Launched and connected shader compiler UnityShaderCompiler.exe after 0.14 seconds
Refreshing native plugins compatible for Editor in 1.06 ms, found 2 plugins.
Preloading 0 native plugins for Editor in 0.00 ms.
Unloading 4506 Unused Serialized files (Serialized files now loaded: 0)
System memory in use before: 174.6 MB.
System memory in use after: 174.8 MB.

Unloading 24 unused Assets to reduce memory usage. Loaded Objects now: 4962.
Total: 4.281600 ms (FindLiveObjects: 0.656600 ms CreateObjectMapping: 0.491900 ms MarkObjects: 3.040800 ms  DeleteObjects: 0.090400 ms)

========================================================================
Received Import Request.
  path: ProjectSettings/TagManager.asset
  artifactKey: Guid(00000000000000003000000000000000) Importer(815301076,1909f56bfc062723c751e8b465ee728b)
Start importing ProjectSettings/TagManager.asset using Guid(00000000000000003000000000000000) Importer(815301076,1909f56bfc062723c751e8b465ee728b)  -> (artifact id: 'b0944e4c35d9b1850a1da12adf70c1f2') in 0.058993 seconds 
========================================================================
Received Import Request.
  Time since last request: 0.026162 seconds.
  path: Assets/GunStuffs/GunProjectAssetPack
  artifactKey: Guid(70b776161120daa48a1337b986b9d690) Importer(815301076,1909f56bfc062723c751e8b465ee728b)
Start importing Assets/GunStuffs/GunProjectAssetPack using Guid(70b776161120daa48a1337b986b9d690) Importer(815301076,1909f56bfc062723c751e8b465ee728b)  -> (artifact id: '963ca8712437c6c4f462e8a605dbbb05') in 0.008411 seconds 
========================================================================
Received Import Request.
  Time since last request: 0.000305 seconds.
  path: Assets/EnemyLogic
  artifactKey: Guid(84240c234fc6e95488b24645a4fae04e) Importer(815301076,1909f56bfc062723c751e8b465ee728b)
Start importing Assets/EnemyLogic using Guid(84240c234fc6e95488b24645a4fae04e) Importer(815301076,1909f56bfc062723c751e8b465ee728b)  -> (artifact id: '1026d988f01939d62d3f95ce7a15cdeb') in 0.009112 seconds 
========================================================================
Received Import Request.
  Time since last request: 0.000275 seconds.
  path: Assets/GunStuffs/GunProjectAssetPack/BulletPool.prefab
  artifactKey: Guid(30ea8387e804e75429dad6098ed1e77b) Importer(815301076,1909f56bfc062723c751e8b465ee728b)
Start importing Assets/GunStuffs/GunProjectAssetPack/BulletPool.prefab using Guid(30ea8387e804e75429dad6098ed1e77b) Importer(815301076,1909f56bfc062723c751e8b465ee728b)  -> (artifact id: 'c8c44624b94360b608d714f9bbb9e82e') in 0.031842 seconds 
========================================================================
Received Import Request.
  Time since last request: 0.000271 seconds.
  path: Assets/UniversalRenderPipelineAsset.asset
  artifactKey: Guid(19a603312ca81754f8b46edf57fcc599) Importer(815301076,1909f56bfc062723c751e8b465ee728b)
Start importing Assets/UniversalRenderPipelineAsset.asset using Guid(19a603312ca81754f8b46edf57fcc599) Importer(815301076,1909f56bfc062723c751e8b465ee728b)  -> (artifact id: '911e0422240a784a9f0c3c4b847f319b') in 0.033256 seconds 
========================================================================
Received Import Request.
  Time since last request: 0.000291 seconds.
  path: Assets/UniversalRenderPipelineAsset_Renderer.asset
  artifactKey: Guid(ca16944462de59b4ca1d77894352468c) Importer(815301076,1909f56bfc062723c751e8b465ee728b)
Start importing Assets/UniversalRenderPipelineAsset_Renderer.asset using Guid(ca16944462de59b4ca1d77894352468c) Importer(815301076,1909f56bfc062723c751e8b465ee728b)  -> (artifact id: 'fecdf31f17a8280d07596e7ff9c67a94') in 0.009091 seconds 
========================================================================
Received Import Request.
  Time since last request: 0.000250 seconds.
  path: Assets/GunStuffs/GunProjectAssetPack/PunchingBag.prefab
  artifactKey: Guid(fa8dbaac6c7df054f9279c204507d74d) Importer(815301076,1909f56bfc062723c751e8b465ee728b)
Start importing Assets/GunStuffs/GunProjectAssetPack/PunchingBag.prefab using Guid(fa8dbaac6c7df054f9279c204507d74d) Importer(815301076,1909f56bfc062723c751e8b465ee728b)  -> (artifact id: 'facb7c74201c034bd4ab8bb4ef97716c') in 0.015858 seconds 
========================================================================
Received Import Request.
  Time since last request: 0.000258 seconds.
  path: Assets/GunStuffs
  artifactKey: Guid(0fb70dd0480314743801ebdc1bcb1032) Importer(815301076,1909f56bfc062723c751e8b465ee728b)
Start importing Assets/GunStuffs using Guid(0fb70dd0480314743801ebdc1bcb1032) Importer(815301076,1909f56bfc062723c751e8b465ee728b)  -> (artifact id: '9883539ee9dcb9b26d75ed5e77364384') in 0.008781 seconds 
========================================================================
Received Import Request.
  Time since last request: 2.855293 seconds.
  path: Assets/GunStuffs/GunProjectAssetPack/GunStuffs
  artifactKey: Guid(a498b51dce6825d439839918207b5776) Importer(815301076,1909f56bfc062723c751e8b465ee728b)
Start importing Assets/GunStuffs/GunProjectAssetPack/GunStuffs using Guid(a498b51dce6825d439839918207b5776) Importer(815301076,1909f56bfc062723c751e8b465ee728b)  -> (artifact id: '2429dfa4aafac5748477702a736c8ac5') in 0.007004 seconds 
========================================================================
Received Import Request.
  Time since last request: 2.133293 seconds.
  path: Assets/GunStuffs/GunProjectAssetPack/GunStuffs/GunScripts
  artifactKey: Guid(29aa6fbe6e12e644293d1f89ca34d06e) Importer(815301076,1909f56bfc062723c751e8b465ee728b)
Start importing Assets/GunStuffs/GunProjectAssetPack/GunStuffs/GunScripts using Guid(29aa6fbe6e12e644293d1f89ca34d06e) Importer(815301076,1909f56bfc062723c751e8b465ee728b)  -> (artifact id: '47f9d74de04ddad122911b1c90d1638b') in 0.016833 seconds 
========================================================================
Received Import Request.
  Time since last request: 1.813735 seconds.
  path: Assets/GunStuffs/GunProjectAssetPack/GunStuffs/GunPrefabs
  artifactKey: Guid(7d342470ffdcf5d408afa2b6e397f751) Importer(815301076,1909f56bfc062723c751e8b465ee728b)
Start importing Assets/GunStuffs/GunProjectAssetPack/GunStuffs/GunPrefabs using Guid(7d342470ffdcf5d408afa2b6e397f751) Importer(815301076,1909f56bfc062723c751e8b465ee728b)  -> (artifact id: '5c5496bbc71358d5f3fd619a3554787f') in 0.015873 seconds 
========================================================================
Received Import Request.
  Time since last request: 0.062363 seconds.
  path: Assets/GunStuffs/GunProjectAssetPack/GunStuffs/GunPrefabs/AmmoCrate.prefab
  artifactKey: Guid(1d8c9e328a1cb6346985d1d5f079baf2) Importer(815301076,1909f56bfc062723c751e8b465ee728b)
Start importing Assets/GunStuffs/GunProjectAssetPack/GunStuffs/GunPrefabs/AmmoCrate.prefab using Guid(1d8c9e328a1cb6346985d1d5f079baf2) Importer(815301076,1909f56bfc062723c751e8b465ee728b)  -> (artifact id: '7ecb838b5b0c87f2e4bc6a49816df202') in 0.011220 seconds 
========================================================================
Received Import Request.
  Time since last request: 0.000304 seconds.
  path: Assets/GunStuffs/GunProjectAssetPack/GunStuffs/GunPrefabs/Revovler.prefab
  artifactKey: Guid(ab1b01ce7521ec8419c500d73b9091fe) Importer(815301076,1909f56bfc062723c751e8b465ee728b)
Start importing Assets/GunStuffs/GunProjectAssetPack/GunStuffs/GunPrefabs/Revovler.prefab using Guid(ab1b01ce7521ec8419c500d73b9091fe) Importer(815301076,1909f56bfc062723c751e8b465ee728b)  -> (artifact id: 'e92f8b17b37277a3518ea41634fd0ddc') in 0.416489 seconds 
========================================================================
Received Import Request.
  Time since last request: 0.000272 seconds.
  path: Assets/GunStuffs/GunProjectAssetPack/GunStuffs/GunPrefabs/AsultRifle.prefab
  artifactKey: Guid(e75374bca874b4a4f91e22ce1008d790) Importer(815301076,1909f56bfc062723c751e8b465ee728b)
Start importing Assets/GunStuffs/GunProjectAssetPack/GunStuffs/GunPrefabs/AsultRifle.prefab using Guid(e75374bca874b4a4f91e22ce1008d790) Importer(815301076,1909f56bfc062723c751e8b465ee728b)  -> (artifact id: 'af879f92fa4c0ad6d970d73f8665b729') in 0.038718 seconds 
========================================================================
Received Import Request.
  Time since last request: 0.000342 seconds.
  path: Assets/GunStuffs/GunProjectAssetPack/GunStuffs/GunPrefabs/Shotgun.prefab
  artifactKey: Guid(e44d5ce54e33c0c4fb2ecc3fe836f38a) Importer(815301076,1909f56bfc062723c751e8b465ee728b)
Start importing Assets/GunStuffs/GunProjectAssetPack/GunStuffs/GunPrefabs/Shotgun.prefab using Guid(e44d5ce54e33c0c4fb2ecc3fe836f38a) Importer(815301076,1909f56bfc062723c751e8b465ee728b)  -> (artifact id: '2a6625663fcd1e834e0f1d913609cb59') in 0.019488 seconds 
========================================================================
Received Import Request.
  Time since last request: 0.000266 seconds.
  path: Assets/GunStuffs/GunProjectAssetPack/GunStuffs/GunPrefabs/DropShadow.prefab
  artifactKey: Guid(fdffc1b896eff2b41b795f90e831faea) Importer(815301076,1909f56bfc062723c751e8b465ee728b)
Start importing Assets/GunStuffs/GunProjectAssetPack/GunStuffs/GunPrefabs/DropShadow.prefab using Guid(fdffc1b896eff2b41b795f90e831faea) Importer(815301076,1909f56bfc062723c751e8b465ee728b)  -> (artifact id: 'fb177d34cf192c9c88ba1b5d7e6d0855') in 0.037256 seconds 
========================================================================
Received Import Request.
  Time since last request: 0.000295 seconds.
  path: Assets/GunStuffs/GunProjectAssetPack/GunStuffs/GunPrefabs/MachineGun.prefab
  artifactKey: Guid(4c95f640bb6f8704f8ccda17c2535840) Importer(815301076,1909f56bfc062723c751e8b465ee728b)
Start importing Assets/GunStuffs/GunProjectAssetPack/GunStuffs/GunPrefabs/MachineGun.prefab using Guid(4c95f640bb6f8704f8ccda17c2535840) Importer(815301076,1909f56bfc062723c751e8b465ee728b)  -> (artifact id: '0649b9a0497eff979ed2dd9f0a0ee613') in 0.021624 seconds 
========================================================================
Received Import Request.
  Time since last request: 0.000325 seconds.
  path: Assets/GunStuffs/GunProjectAssetPack/GunStuffs/GunPrefabs/SniperRifle.prefab
  artifactKey: Guid(fe8fb89df7582e4429a1f0c2242b66d4) Importer(815301076,1909f56bfc062723c751e8b465ee728b)
Start importing Assets/GunStuffs/GunProjectAssetPack/GunStuffs/GunPrefabs/SniperRifle.prefab using Guid(fe8fb89df7582e4429a1f0c2242b66d4) Importer(815301076,1909f56bfc062723c751e8b465ee728b)  -> (artifact id: 'f171857d6b5768520284c2adda8f0dbb') in 0.034676 seconds 
========================================================================
Received Import Request.
  Time since last request: 0.000306 seconds.
  path: Assets/GunStuffs/GunProjectAssetPack/GunStuffs/GunPrefabs/hands.prefab
  artifactKey: Guid(d40018e68a65fae4cb101f77ef6a10c3) Importer(815301076,1909f56bfc062723c751e8b465ee728b)
Start importing Assets/GunStuffs/GunProjectAssetPack/GunStuffs/GunPrefabs/hands.prefab using Guid(d40018e68a65fae4cb101f77ef6a10c3) Importer(815301076,1909f56bfc062723c751e8b465ee728b)  -> (artifact id: '754a5557bacd0593f33463a48cf58205') in 0.015030 seconds 
========================================================================
Received Import Request.
  Time since last request: 0.000266 seconds.
  path: Assets/GunStuffs/GunProjectAssetPack/GunStuffs/GunPrefabs/GenericBullet.prefab
  artifactKey: Guid(1118a6cfc4236f145b429c37f445e3d3) Importer(815301076,1909f56bfc062723c751e8b465ee728b)
Start importing Assets/GunStuffs/GunProjectAssetPack/GunStuffs/GunPrefabs/GenericBullet.prefab using Guid(1118a6cfc4236f145b429c37f445e3d3) Importer(815301076,1909f56bfc062723c751e8b465ee728b)  -> (artifact id: '50089bfec06ebfe700498f5a506409f0') in 0.010366 seconds 
========================================================================
Received Import Request.
  Time since last request: 0.000322 seconds.
  path: Assets/GunStuffs/GunProjectAssetPack/GunStuffs/GunPrefabs/UiManger.prefab
  artifactKey: Guid(8469e32dd272d324698247b26c4f22b8) Importer(815301076,1909f56bfc062723c751e8b465ee728b)
Start importing Assets/GunStuffs/GunProjectAssetPack/GunStuffs/GunPrefabs/UiManger.prefab using Guid(8469e32dd272d324698247b26c4f22b8) Importer(815301076,1909f56bfc062723c751e8b465ee728b)  -> (artifact id: '3154fe5e8ef929153b633bae3e3a14f3') in 0.082738 seconds 
========================================================================
Received Import Request.
  Time since last request: 0.000257 seconds.
  path: Assets/GunStuffs/GunProjectAssetPack/GunStuffs/GunPrefabs/QuickBang.prefab
  artifactKey: Guid(65eb1a67afacbc34bb4a35e3de1a95de) Importer(815301076,1909f56bfc062723c751e8b465ee728b)
Start importing Assets/GunStuffs/GunProjectAssetPack/GunStuffs/GunPrefabs/QuickBang.prefab using Guid(65eb1a67afacbc34bb4a35e3de1a95de) Importer(815301076,1909f56bfc062723c751e8b465ee728b)  -> (artifact id: 'b6a80741fc588b25df01d4d27cb31f6e') in 0.011566 seconds 
========================================================================
Received Import Request.
  Time since last request: 11.894557 seconds.
  path: Assets/GunStuffs/GunProjectAssetPack/GunStuffs/Art/DropShadow.png
  artifactKey: Guid(60410827d5ad5ba4e86ffdf57dd74aa0) Importer(815301076,1909f56bfc062723c751e8b465ee728b)
Start importing Assets/GunStuffs/GunProjectAssetPack/GunStuffs/Art/DropShadow.png using Guid(60410827d5ad5ba4e86ffdf57dd74aa0) Importer(815301076,1909f56bfc062723c751e8b465ee728b)  -> (artifact id: '28b4fd3bab9462b6fe02b2f625b5dd8f') in 0.190715 seconds 
========================================================================
Received Import Request.
  Time since last request: 0.000327 seconds.
  path: Assets/GunStuffs/GunProjectAssetPack/GunStuffs/Art/Shotgun.png
  artifactKey: Guid(5827551789d84d44fb9152588a6f22ab) Importer(815301076,1909f56bfc062723c751e8b465ee728b)
Start importing Assets/GunStuffs/GunProjectAssetPack/GunStuffs/Art/Shotgun.png using Guid(5827551789d84d44fb9152588a6f22ab) Importer(815301076,1909f56bfc062723c751e8b465ee728b)  -> (artifact id: '827ebe86dafdd12fe5ac40de0e17da65') in 0.015462 seconds 
========================================================================
Received Import Request.
  Time since last request: 0.000336 seconds.
  path: Assets/GunStuffs/GunProjectAssetPack/GunStuffs/Art/GunsSpriteSheet.png
  artifactKey: Guid(82a427662faf7b9418609b30256ba599) Importer(815301076,1909f56bfc062723c751e8b465ee728b)
Start importing Assets/GunStuffs/GunProjectAssetPack/GunStuffs/Art/GunsSpriteSheet.png using Guid(82a427662faf7b9418609b30256ba599) Importer(815301076,1909f56bfc062723c751e8b465ee728b)  -> (artifact id: '5149ffb015c5467776ee94c9ca668a22') in 0.036853 seconds 
========================================================================
Received Import Request.
  Time since last request: 0.000295 seconds.
  path: Assets/GunStuffs/GunProjectAssetPack/GunStuffs/Art/Rifle.png
  artifactKey: Guid(f451ebd748349334da9021419bbc07e7) Importer(815301076,1909f56bfc062723c751e8b465ee728b)
Start importing Assets/GunStuffs/GunProjectAssetPack/GunStuffs/Art/Rifle.png using Guid(f451ebd748349334da9021419bbc07e7) Importer(815301076,1909f56bfc062723c751e8b465ee728b)  -> (artifact id: '622a586c3a342b8cf0fa1d5805035e55') in 0.017682 seconds 
========================================================================
Received Import Request.
  Time since last request: 0.000278 seconds.
  path: Assets/GunStuffs/GunProjectAssetPack/GunStuffs/Art/Shotgun 1.png
  artifactKey: Guid(71ac6cf8d6308be419c042253f89d908) Importer(815301076,1909f56bfc062723c751e8b465ee728b)
Start importing Assets/GunStuffs/GunProjectAssetPack/GunStuffs/Art/Shotgun 1.png using Guid(71ac6cf8d6308be419c042253f89d908) Importer(815301076,1909f56bfc062723c751e8b465ee728b)  -> (artifact id: '4a9e258cc9307eaad56fa35f19099b10') in 0.017291 seconds 
========================================================================
Received Import Request.
  Time since last request: 103.903987 seconds.
  path: Assets/GunStuffs/GunProjectAssetPack/GunStuffs/GunPrefabs/WhiteSqaure.png
  artifactKey: Guid(799cc89e31ca17c408713be8395c8e79) Importer(815301076,1909f56bfc062723c751e8b465ee728b)
Start importing Assets/GunStuffs/GunProjectAssetPack/GunStuffs/GunPrefabs/WhiteSqaure.png using Guid(799cc89e31ca17c408713be8395c8e79) Importer(815301076,1909f56bfc062723c751e8b465ee728b)  -> (artifact id: '973754ee05457e0bc619f6e2bdb27592') in 0.017739 seconds 
========================================================================
Received Import Request.
  Time since last request: 20.620266 seconds.
  path: Assets/GunStuffs/GunProjectAssetPack/GunStuffs/GunPrefabs/GenericBullet.prefab
  artifactKey: Guid(1118a6cfc4236f145b429c37f445e3d3) Importer(815301076,1909f56bfc062723c751e8b465ee728b)
Start importing Assets/GunStuffs/GunProjectAssetPack/GunStuffs/GunPrefabs/GenericBullet.prefab using Guid(1118a6cfc4236f145b429c37f445e3d3) Importer(815301076,1909f56bfc062723c751e8b465ee728b)  -> (artifact id: '4c73b1b2c3cb3b3f068794d22d1deccf') in 0.018934 seconds 
========================================================================
Received Prepare
Registering precompiled user dll's ...
Registered in 0.004779 seconds.
Begin MonoManager ReloadAssembly
Native extension for WindowsStandalone target not found
Native extension for WebGL target not found
Refreshing native plugins compatible for Editor in 0.97 ms, found 2 plugins.
Preloading 0 native plugins for Editor in 0.00 ms.
Mono: successfully reloaded assembly
- Completed reload, in  1.548 seconds
Platform modules already initialized, skipping
Shader 'Universal Render Pipeline/Particles/Lit': fallback shader 'Universal Render Pipeline/Particles/SimpleLit' not found
Refreshing native plugins compatible for Editor in 1.00 ms, found 2 plugins.
Preloading 0 native plugins for Editor in 0.00 ms.
Unloading 4433 Unused Serialized files (Serialized files now loaded: 0)
System memory in use before: 176.5 MB.
System memory in use after: 176.7 MB.

Unloading 15 unused Assets to reduce memory usage. Loaded Objects now: 5119.
Total: 3.695000 ms (FindLiveObjects: 0.381600 ms CreateObjectMapping: 0.204000 ms MarkObjects: 2.750600 ms  DeleteObjects: 0.357300 ms)

========================================================================
Received Prepare
Registering precompiled user dll's ...
Registered in 0.005635 seconds.
Begin MonoManager ReloadAssembly
Native extension for WindowsStandalone target not found
Native extension for WebGL target not found
Refreshing native plugins compatible for Editor in 1.07 ms, found 2 plugins.
Preloading 0 native plugins for Editor in 0.00 ms.
Mono: successfully reloaded assembly
- Completed reload, in  1.699 seconds
Platform modules already initialized, skipping
Shader 'Universal Render Pipeline/Particles/Lit': fallback shader 'Universal Render Pipeline/Particles/SimpleLit' not found
Refreshing native plugins compatible for Editor in 0.97 ms, found 2 plugins.
Preloading 0 native plugins for Editor in 0.00 ms.
Unloading 4425 Unused Serialized files (Serialized files now loaded: 0)
System memory in use before: 176.2 MB.
System memory in use after: 176.5 MB.

Unloading 12 unused Assets to reduce memory usage. Loaded Objects now: 5123.
Total: 3.412300 ms (FindLiveObjects: 0.361300 ms CreateObjectMapping: 0.202300 ms MarkObjects: 2.822600 ms  DeleteObjects: 0.024800 ms)

========================================================================
Received Prepare
Registering precompiled user dll's ...
Registered in 0.005039 seconds.
Begin MonoManager ReloadAssembly
Native extension for WindowsStandalone target not found
Native extension for WebGL target not found
Refreshing native plugins compatible for Editor in 0.99 ms, found 2 plugins.
Preloading 0 native plugins for Editor in 0.00 ms.
Mono: successfully reloaded assembly
- Completed reload, in  1.491 seconds
Platform modules already initialized, skipping
Shader 'Universal Render Pipeline/Particles/Lit': fallback shader 'Universal Render Pipeline/Particles/SimpleLit' not found
Refreshing native plugins compatible for Editor in 1.09 ms, found 2 plugins.
Preloading 0 native plugins for Editor in 0.00 ms.
Unloading 4425 Unused Serialized files (Serialized files now loaded: 0)
System memory in use before: 176.2 MB.
System memory in use after: 176.5 MB.

Unloading 12 unused Assets to reduce memory usage. Loaded Objects now: 5127.
Total: 4.243500 ms (FindLiveObjects: 0.441700 ms CreateObjectMapping: 0.257700 ms MarkObjects: 3.504500 ms  DeleteObjects: 0.037700 ms)

========================================================================
Received Prepare
Registering precompiled user dll's ...
Registered in 0.004358 seconds.
Begin MonoManager ReloadAssembly
Native extension for WindowsStandalone target not found
Native extension for WebGL target not found
Refreshing native plugins compatible for Editor in 1.05 ms, found 2 plugins.
Preloading 0 native plugins for Editor in 0.00 ms.
Mono: successfully reloaded assembly
- Completed reload, in  1.653 seconds
Platform modules already initialized, skipping
Shader 'Universal Render Pipeline/Particles/Lit': fallback shader 'Universal Render Pipeline/Particles/SimpleLit' not found
Refreshing native plugins compatible for Editor in 1.01 ms, found 2 plugins.
Preloading 0 native plugins for Editor in 0.00 ms.
Unloading 4425 Unused Serialized files (Serialized files now loaded: 0)
System memory in use before: 176.2 MB.
System memory in use after: 176.5 MB.

Unloading 12 unused Assets to reduce memory usage. Loaded Objects now: 5131.
Total: 4.299500 ms (FindLiveObjects: 0.370200 ms CreateObjectMapping: 0.202500 ms MarkObjects: 3.698700 ms  DeleteObjects: 0.026100 ms)

========================================================================
Received Prepare
Registering precompiled user dll's ...
Registered in 0.004682 seconds.
Begin MonoManager ReloadAssembly
Native extension for WindowsStandalone target not found
Native extension for WebGL target not found
Refreshing native plugins compatible for Editor in 0.98 ms, found 2 plugins.
Preloading 0 native plugins for Editor in 0.00 ms.
Mono: successfully reloaded assembly
- Completed reload, in  1.509 seconds
Platform modules already initialized, skipping
Shader 'Universal Render Pipeline/Particles/Lit': fallback shader 'Universal Render Pipeline/Particles/SimpleLit' not found
Refreshing native plugins compatible for Editor in 1.08 ms, found 2 plugins.
Preloading 0 native plugins for Editor in 0.00 ms.
Unloading 4425 Unused Serialized files (Serialized files now loaded: 0)
System memory in use before: 176.3 MB.
System memory in use after: 176.5 MB.

Unloading 12 unused Assets to reduce memory usage. Loaded Objects now: 5135.
Total: 3.914000 ms (FindLiveObjects: 0.364900 ms CreateObjectMapping: 0.203500 ms MarkObjects: 3.309600 ms  DeleteObjects: 0.034200 ms)

========================================================================
Received Import Request.
  Time since last request: 350.808344 seconds.
  path: Assets/GunStuffs/GunProjectAssetPack/GunStuffs/GunScripts/AdvDropPick.cs
  artifactKey: Guid(0e770e6be74777247bf273433d84860b) Importer(815301076,1909f56bfc062723c751e8b465ee728b)
Start importing Assets/GunStuffs/GunProjectAssetPack/GunStuffs/GunScripts/AdvDropPick.cs using Guid(0e770e6be74777247bf273433d84860b) Importer(815301076,1909f56bfc062723c751e8b465ee728b)  -> (artifact id: 'd8949b5952bf683e45e6a337f0c18886') in 0.637172 seconds 
========================================================================
Received Prepare
Registering precompiled user dll's ...
Registered in 0.004462 seconds.
Begin MonoManager ReloadAssembly
Native extension for WindowsStandalone target not found
Native extension for WebGL target not found
Refreshing native plugins compatible for Editor in 0.99 ms, found 2 plugins.
Preloading 0 native plugins for Editor in 0.00 ms.
Mono: successfully reloaded assembly
- Completed reload, in  1.634 seconds
Platform modules already initialized, skipping
Shader 'Universal Render Pipeline/Particles/Lit': fallback shader 'Universal Render Pipeline/Particles/SimpleLit' not found
Refreshing native plugins compatible for Editor in 1.02 ms, found 2 plugins.
Preloading 0 native plugins for Editor in 0.00 ms.
Unloading 4425 Unused Serialized files (Serialized files now loaded: 0)
System memory in use before: 176.3 MB.
System memory in use after: 176.6 MB.

Unloading 12 unused Assets to reduce memory usage. Loaded Objects now: 5139.
Total: 4.930300 ms (FindLiveObjects: 0.622100 ms CreateObjectMapping: 0.335000 ms MarkObjects: 3.942300 ms  DeleteObjects: 0.028900 ms)

========================================================================
Received Prepare
Registering precompiled user dll's ...
Registered in 0.005541 seconds.
Begin MonoManager ReloadAssembly
Native extension for WindowsStandalone target not found
Native extension for WebGL target not found
Refreshing native plugins compatible for Editor in 1.73 ms, found 2 plugins.
Preloading 0 native plugins for Editor in 0.00 ms.
Mono: successfully reloaded assembly
- Completed reload, in  1.758 seconds
Platform modules already initialized, skipping
Shader 'Universal Render Pipeline/Particles/Lit': fallback shader 'Universal Render Pipeline/Particles/SimpleLit' not found
Refreshing native plugins compatible for Editor in 1.82 ms, found 2 plugins.
Preloading 0 native plugins for Editor in 0.00 ms.
Unloading 4425 Unused Serialized files (Serialized files now loaded: 0)
System memory in use before: 176.3 MB.
System memory in use after: 176.6 MB.

Unloading 12 unused Assets to reduce memory usage. Loaded Objects now: 5143.
Total: 6.124200 ms (FindLiveObjects: 0.924700 ms CreateObjectMapping: 0.407400 ms MarkObjects: 4.754200 ms  DeleteObjects: 0.034200 ms)

========================================================================
Received Import Request.
  Time since last request: 127.083277 seconds.
  path: Assets/EnemyLogic/BulletHellStuffs
  artifactKey: Guid(c75cb902b61a5b241b92047d7eb3a301) Importer(815301076,1909f56bfc062723c751e8b465ee728b)
Start importing Assets/EnemyLogic/BulletHellStuffs using Guid(c75cb902b61a5b241b92047d7eb3a301) Importer(815301076,1909f56bfc062723c751e8b465ee728b)  -> (artifact id: '676e3e6228432c20b5a2649394547ca9') in 0.018497 seconds 
========================================================================
Received Import Request.
  Time since last request: 2.765785 seconds.
  path: Assets/EnemyLogic/BulletHellStuffs/Prefabs
  artifactKey: Guid(f13353422d29ba043a51363a160796da) Importer(815301076,1909f56bfc062723c751e8b465ee728b)
Start importing Assets/EnemyLogic/BulletHellStuffs/Prefabs using Guid(f13353422d29ba043a51363a160796da) Importer(815301076,1909f56bfc062723c751e8b465ee728b)  -> (artifact id: 'eeae3f98d1441ff6dd6969be8b58ab72') in 0.010104 seconds 
========================================================================
Received Import Request.
  Time since last request: 0.062806 seconds.
  path: Assets/EnemyLogic/BulletHellStuffs/Prefabs/Bullet1.prefab
  artifactKey: Guid(75464ac54e6de2b4384cb804084dc335) Importer(815301076,1909f56bfc062723c751e8b465ee728b)
Start importing Assets/EnemyLogic/BulletHellStuffs/Prefabs/Bullet1.prefab using Guid(75464ac54e6de2b4384cb804084dc335) Importer(815301076,1909f56bfc062723c751e8b465ee728b)  -> (artifact id: 'c15389c1dc8eb8bb13fc35dfe9823dd5') in 0.320603 seconds 
========================================================================
Received Import Request.
  Time since last request: 0.000306 seconds.
  path: Assets/EnemyLogic/BulletHellStuffs/Prefabs/Pattern1.prefab
  artifactKey: Guid(e614d88c08310784994a134ab8626bc3) Importer(815301076,1909f56bfc062723c751e8b465ee728b)
Start importing Assets/EnemyLogic/BulletHellStuffs/Prefabs/Pattern1.prefab using Guid(e614d88c08310784994a134ab8626bc3) Importer(815301076,1909f56bfc062723c751e8b465ee728b)  -> (artifact id: '8367658ac5eab5c20d52f38e8e813f93') in 0.016228 seconds 
========================================================================
Received Import Request.
  Time since last request: 0.000264 seconds.
  path: Assets/EnemyLogic/BulletHellStuffs/Prefabs/Pattern2.prefab
  artifactKey: Guid(d8ff4409f2369a8498ca488a92c3064e) Importer(815301076,1909f56bfc062723c751e8b465ee728b)
Start importing Assets/EnemyLogic/BulletHellStuffs/Prefabs/Pattern2.prefab using Guid(d8ff4409f2369a8498ca488a92c3064e) Importer(815301076,1909f56bfc062723c751e8b465ee728b)  -> (artifact id: '65ca4f9cdf336ba89b5b313c95b7d288') in 0.012183 seconds 
========================================================================
Received Prepare
Registering precompiled user dll's ...
Registered in 0.004387 seconds.
Begin MonoManager ReloadAssembly
Native extension for WindowsStandalone target not found
Native extension for WebGL target not found
Refreshing native plugins compatible for Editor in 1.00 ms, found 2 plugins.
Preloading 0 native plugins for Editor in 0.00 ms.
Mono: successfully reloaded assembly
- Completed reload, in  1.459 seconds
Platform modules already initialized, skipping
Shader 'Universal Render Pipeline/Particles/Lit': fallback shader 'Universal Render Pipeline/Particles/SimpleLit' not found
Refreshing native plugins compatible for Editor in 1.29 ms, found 2 plugins.
Preloading 0 native plugins for Editor in 0.00 ms.
Unloading 4425 Unused Serialized files (Serialized files now loaded: 0)
System memory in use before: 176.4 MB.
System memory in use after: 176.7 MB.

Unloading 14 unused Assets to reduce memory usage. Loaded Objects now: 5185.
Total: 3.743600 ms (FindLiveObjects: 0.385700 ms CreateObjectMapping: 0.198300 ms MarkObjects: 3.076100 ms  DeleteObjects: 0.082000 ms)

========================================================================
Received Import Request.
  Time since last request: 178.580033 seconds.
  path: Assets/GunStuffs/GunProjectAssetPack/GunStuffs/GunScripts/UiGun.cs
  artifactKey: Guid(299c2d76b9f815245ac911cd19f5940a) Importer(815301076,1909f56bfc062723c751e8b465ee728b)
Start importing Assets/GunStuffs/GunProjectAssetPack/GunStuffs/GunScripts/UiGun.cs using Guid(299c2d76b9f815245ac911cd19f5940a) Importer(815301076,1909f56bfc062723c751e8b465ee728b)  -> (artifact id: 'd24a3da3ffc82e696cdd68222731a96e') in 0.019260 seconds 
========================================================================
Received Import Request.
  Time since last request: 83.460092 seconds.
  path: Assets/GunStuffs/GunProjectAssetPack/GunStuffs/Art
  artifactKey: Guid(75faca778e1b8ac4e85ef2ad3e4ad6e4) Importer(815301076,1909f56bfc062723c751e8b465ee728b)
Start importing Assets/GunStuffs/GunProjectAssetPack/GunStuffs/Art using Guid(75faca778e1b8ac4e85ef2ad3e4ad6e4) Importer(815301076,1909f56bfc062723c751e8b465ee728b)  -> (artifact id: '269d42a43cdd15d56bd190a6f8711b89') in 0.012533 seconds 
========================================================================
Received Prepare
Registering precompiled user dll's ...
Registered in 0.006222 seconds.
Begin MonoManager ReloadAssembly
Native extension for WindowsStandalone target not found
Native extension for WebGL target not found
Refreshing native plugins compatible for Editor in 0.99 ms, found 2 plugins.
Preloading 0 native plugins for Editor in 0.00 ms.
Mono: successfully reloaded assembly
- Completed reload, in  1.648 seconds
Platform modules already initialized, skipping
Shader 'Universal Render Pipeline/Particles/Lit': fallback shader 'Universal Render Pipeline/Particles/SimpleLit' not found
Refreshing native plugins compatible for Editor in 1.30 ms, found 2 plugins.
Preloading 0 native plugins for Editor in 0.00 ms.
Unloading 4425 Unused Serialized files (Serialized files now loaded: 0)
System memory in use before: 176.4 MB.
System memory in use after: 176.6 MB.

Unloading 12 unused Assets to reduce memory usage. Loaded Objects now: 5189.
Total: 4.809400 ms (FindLiveObjects: 0.435200 ms CreateObjectMapping: 0.288900 ms MarkObjects: 4.059800 ms  DeleteObjects: 0.023600 ms)

========================================================================
Received Import Request.
  Time since last request: 537.604331 seconds.
  path: Assets
  artifactKey: Guid(00000000000000001000000000000000) Importer(815301076,1909f56bfc062723c751e8b465ee728b)
Start importing Assets using Guid(00000000000000001000000000000000) Importer(815301076,1909f56bfc062723c751e8b465ee728b)  -> (artifact id: '9222b99937b918022a9cc33b6e833563') in 0.048705 seconds 
========================================================================
Received Import Request.
  Time since last request: 7.177998 seconds.
  path: Assets/NovaStuff
  artifactKey: Guid(0fe9b552a7e277a46b6582aa85682c53) Importer(815301076,1909f56bfc062723c751e8b465ee728b)
Start importing Assets/NovaStuff using Guid(0fe9b552a7e277a46b6582aa85682c53) Importer(815301076,1909f56bfc062723c751e8b465ee728b)  -> (artifact id: '80a9ee875333f53f2507b21d4a9d5000') in 0.010654 seconds 
========================================================================
Received Prepare
Registering precompiled user dll's ...
Registered in 0.004594 seconds.
Begin MonoManager ReloadAssembly
Native extension for WindowsStandalone target not found
Native extension for WebGL target not found
Refreshing native plugins compatible for Editor in 1.42 ms, found 2 plugins.
Preloading 0 native plugins for Editor in 0.00 ms.
Mono: successfully reloaded assembly
- Completed reload, in  1.642 seconds
Platform modules already initialized, skipping
Shader 'Universal Render Pipeline/Particles/Lit': fallback shader 'Universal Render Pipeline/Particles/SimpleLit' not found
Refreshing native plugins compatible for Editor in 1.04 ms, found 2 plugins.
Preloading 0 native plugins for Editor in 0.00 ms.
Unloading 4425 Unused Serialized files (Serialized files now loaded: 0)
System memory in use before: 176.4 MB.
System memory in use after: 176.6 MB.

Unloading 12 unused Assets to reduce memory usage. Loaded Objects now: 5193.
Total: 6.003100 ms (FindLiveObjects: 0.683800 ms CreateObjectMapping: 0.378500 ms MarkObjects: 4.894400 ms  DeleteObjects: 0.044100 ms)

========================================================================
Received Import Request.
  Time since last request: 199.221790 seconds.
  path: Assets/NovaStuff/GunStuffs/GunProjectAssetPack/GunStuffs/GunScripts/UiGun.cs
  artifactKey: Guid(299c2d76b9f815245ac911cd19f5940a) Importer(815301076,1909f56bfc062723c751e8b465ee728b)
Start importing Assets/NovaStuff/GunStuffs/GunProjectAssetPack/GunStuffs/GunScripts/UiGun.cs using Guid(299c2d76b9f815245ac911cd19f5940a) Importer(815301076,1909f56bfc062723c751e8b465ee728b)  -> (artifact id: '8cb3f95525f9a3f19cff39ef11ace9b2') in 0.012836 seconds 
========================================================================
Received Prepare
Registering precompiled user dll's ...
Registered in 0.004964 seconds.
Begin MonoManager ReloadAssembly
Native extension for WindowsStandalone target not found
Native extension for WebGL target not found
Refreshing native plugins compatible for Editor in 1.05 ms, found 2 plugins.
Preloading 0 native plugins for Editor in 0.00 ms.
Mono: successfully reloaded assembly
- Completed reload, in  1.858 seconds
Platform modules already initialized, skipping
Shader 'Universal Render Pipeline/Particles/Lit': fallback shader 'Universal Render Pipeline/Particles/SimpleLit' not found
Refreshing native plugins compatible for Editor in 1.82 ms, found 2 plugins.
Preloading 0 native plugins for Editor in 0.00 ms.
Unloading 4425 Unused Serialized files (Serialized files now loaded: 0)
System memory in use before: 176.4 MB.
System memory in use after: 176.7 MB.

Unloading 12 unused Assets to reduce memory usage. Loaded Objects now: 5197.
Total: 6.315600 ms (FindLiveObjects: 1.040700 ms CreateObjectMapping: 0.912000 ms MarkObjects: 4.296800 ms  DeleteObjects: 0.063800 ms)

========================================================================
Received Import Request.
  Time since last request: 48.304487 seconds.
  path: Assets/NovaStuff/EnemyLogic/BulletHellStuffs/Patterns.cs
  artifactKey: Guid(00d309e608aa0ff42808bd8d2c6ed606) Importer(815301076,1909f56bfc062723c751e8b465ee728b)
Start importing Assets/NovaStuff/EnemyLogic/BulletHellStuffs/Patterns.cs using Guid(00d309e608aa0ff42808bd8d2c6ed606) Importer(815301076,1909f56bfc062723c751e8b465ee728b)  -> (artifact id: 'e33eca95ed68d131c5528a7268a9b40d') in 0.023399 seconds 
========================================================================
Received Import Request.
  Time since last request: 13.076593 seconds.
  path: Assets/NovaStuff/EnemyLogic/BulletHellStuffs/Prefabs/Pattern1.prefab
  artifactKey: Guid(e614d88c08310784994a134ab8626bc3) Importer(815301076,1909f56bfc062723c751e8b465ee728b)
Start importing Assets/NovaStuff/EnemyLogic/BulletHellStuffs/Prefabs/Pattern1.prefab using Guid(e614d88c08310784994a134ab8626bc3) Importer(815301076,1909f56bfc062723c751e8b465ee728b)  -> (artifact id: '5b9fb0ef0be946d92f075da32681d25f') in 0.090608 seconds 
========================================================================
Received Prepare
Registering precompiled user dll's ...
Registered in 0.004852 seconds.
Begin MonoManager ReloadAssembly
Native extension for WindowsStandalone target not found
Native extension for WebGL target not found
Refreshing native plugins compatible for Editor in 1.48 ms, found 2 plugins.
Preloading 0 native plugins for Editor in 0.00 ms.
Mono: successfully reloaded assembly
- Completed reload, in  1.956 seconds
Platform modules already initialized, skipping
Shader 'Universal Render Pipeline/Particles/Lit': fallback shader 'Universal Render Pipeline/Particles/SimpleLit' not found
Refreshing native plugins compatible for Editor in 1.09 ms, found 2 plugins.
Preloading 0 native plugins for Editor in 0.00 ms.
Unloading 4425 Unused Serialized files (Serialized files now loaded: 0)
System memory in use before: 176.4 MB.
System memory in use after: 176.7 MB.

Unloading 14 unused Assets to reduce memory usage. Loaded Objects now: 5201.
Total: 6.324900 ms (FindLiveObjects: 1.048300 ms CreateObjectMapping: 0.795500 ms MarkObjects: 4.410700 ms  DeleteObjects: 0.068300 ms)

========================================================================
Received Import Request.
  Time since last request: 44.296868 seconds.
  path: Assets/NovaStuff/GunStuffs/GunProjectAssetPack/GunStuffs/Art/GunsSpriteSheet.png
  artifactKey: Guid(82a427662faf7b9418609b30256ba599) Importer(815301076,1909f56bfc062723c751e8b465ee728b)
Start importing Assets/NovaStuff/GunStuffs/GunProjectAssetPack/GunStuffs/Art/GunsSpriteSheet.png using Guid(82a427662faf7b9418609b30256ba599) Importer(815301076,1909f56bfc062723c751e8b465ee728b)  -> (artifact id: '0cd695944ef577cf5d67b94e020f0798') in 0.167267 seconds 
========================================================================
Received Import Request.
  Time since last request: 0.000393 seconds.
  path: Assets/NovaStuff/GunStuffs/GunProjectAssetPack/GunStuffs/Art/Shotgun.png
  artifactKey: Guid(5827551789d84d44fb9152588a6f22ab) Importer(815301076,1909f56bfc062723c751e8b465ee728b)
Start importing Assets/NovaStuff/GunStuffs/GunProjectAssetPack/GunStuffs/Art/Shotgun.png using Guid(5827551789d84d44fb9152588a6f22ab) Importer(815301076,1909f56bfc062723c751e8b465ee728b)  -> (artifact id: 'f9360540e49a05c736f8fc02ef77a719') in 0.013537 seconds 
========================================================================
Received Import Request.
  Time since last request: 0.000277 seconds.
  path: Assets/NovaStuff/GunStuffs/GunProjectAssetPack/GunStuffs/Art/Rifle.png
  artifactKey: Guid(f451ebd748349334da9021419bbc07e7) Importer(815301076,1909f56bfc062723c751e8b465ee728b)
Start importing Assets/NovaStuff/GunStuffs/GunProjectAssetPack/GunStuffs/Art/Rifle.png using Guid(f451ebd748349334da9021419bbc07e7) Importer(815301076,1909f56bfc062723c751e8b465ee728b)  -> (artifact id: '3543124c6b1d232cad171e4284cb3bb2') in 0.018279 seconds 
========================================================================
Received Import Request.
  Time since last request: 0.000492 seconds.
  path: Assets/NovaStuff/GunStuffs/GunProjectAssetPack/GunStuffs/Art/Shotgun 1.png
  artifactKey: Guid(71ac6cf8d6308be419c042253f89d908) Importer(815301076,1909f56bfc062723c751e8b465ee728b)
Start importing Assets/NovaStuff/GunStuffs/GunProjectAssetPack/GunStuffs/Art/Shotgun 1.png using Guid(71ac6cf8d6308be419c042253f89d908) Importer(815301076,1909f56bfc062723c751e8b465ee728b)  -> (artifact id: '2a9406bccab2af41122a570b16855780') in 0.018736 seconds 
========================================================================
Received Import Request.
  Time since last request: 105.177080 seconds.
  path: Assets/NovaStuff/EnemyLogic/BulletHellStuffs/Projectile.cs
  artifactKey: Guid(27d96ee88923c0a45920eda889069d42) Importer(815301076,1909f56bfc062723c751e8b465ee728b)
Start importing Assets/NovaStuff/EnemyLogic/BulletHellStuffs/Projectile.cs using Guid(27d96ee88923c0a45920eda889069d42) Importer(815301076,1909f56bfc062723c751e8b465ee728b)  -> (artifact id: '771a20b447b37883fe0382b13380b13a') in 0.009805 seconds 
========================================================================
Received Import Request.
  Time since last request: 7.700547 seconds.
  path: Assets/NovaStuff/EnemyLogic/BulletHellStuffs/Manager.cs
  artifactKey: Guid(261844a2ae4a1b3489b30bb86da44e0a) Importer(815301076,1909f56bfc062723c751e8b465ee728b)
Start importing Assets/NovaStuff/EnemyLogic/BulletHellStuffs/Manager.cs using Guid(261844a2ae4a1b3489b30bb86da44e0a) Importer(815301076,1909f56bfc062723c751e8b465ee728b)  -> (artifact id: 'ad16c0de651fc8e2d80ed8532873d5d8') in 0.039561 seconds 
========================================================================
Received Prepare
Registering precompiled user dll's ...
Registered in 0.004456 seconds.
Begin MonoManager ReloadAssembly
Native extension for WindowsStandalone target not found
Native extension for WebGL target not found
Refreshing native plugins compatible for Editor in 1.21 ms, found 2 plugins.
Preloading 0 native plugins for Editor in 0.00 ms.
Mono: successfully reloaded assembly
- Completed reload, in  1.814 seconds
Platform modules already initialized, skipping
Shader 'Universal Render Pipeline/Particles/Lit': fallback shader 'Universal Render Pipeline/Particles/SimpleLit' not found
Refreshing native plugins compatible for Editor in 1.05 ms, found 2 plugins.
Preloading 0 native plugins for Editor in 0.00 ms.
Unloading 4425 Unused Serialized files (Serialized files now loaded: 0)
System memory in use before: 178.0 MB.
System memory in use after: 178.3 MB.

Unloading 12 unused Assets to reduce memory usage. Loaded Objects now: 5262.
Total: 4.118600 ms (FindLiveObjects: 0.460900 ms CreateObjectMapping: 0.361500 ms MarkObjects: 3.269900 ms  DeleteObjects: 0.024700 ms)

========================================================================
Received Prepare
Registering precompiled user dll's ...
Registered in 0.006820 seconds.
Begin MonoManager ReloadAssembly
Native extension for WindowsStandalone target not found
Native extension for WebGL target not found
Refreshing native plugins compatible for Editor in 1.67 ms, found 2 plugins.
Preloading 0 native plugins for Editor in 0.00 ms.
Mono: successfully reloaded assembly
- Completed reload, in  1.877 seconds
Platform modules already initialized, skipping
Shader 'Universal Render Pipeline/Particles/Lit': fallback shader 'Universal Render Pipeline/Particles/SimpleLit' not found
Refreshing native plugins compatible for Editor in 1.05 ms, found 2 plugins.
Preloading 0 native plugins for Editor in 0.00 ms.
Unloading 4425 Unused Serialized files (Serialized files now loaded: 0)
System memory in use before: 178.0 MB.
System memory in use after: 178.3 MB.

Unloading 12 unused Assets to reduce memory usage. Loaded Objects now: 5266.
Total: 5.277000 ms (FindLiveObjects: 0.716100 ms CreateObjectMapping: 0.411800 ms MarkObjects: 4.120500 ms  DeleteObjects: 0.026600 ms)

========================================================================
Received Import Request.
  Time since last request: 516.839395 seconds.
  path: Assets/NovaStuff/EnemyLogic/BulletHellStuffs/Prefabs/Eveillll.prefab
  artifactKey: Guid(2a4a11545da8f1b46a984fd8e38efaed) Importer(815301076,1909f56bfc062723c751e8b465ee728b)
Start importing Assets/NovaStuff/EnemyLogic/BulletHellStuffs/Prefabs/Eveillll.prefab using Guid(2a4a11545da8f1b46a984fd8e38efaed) Importer(815301076,1909f56bfc062723c751e8b465ee728b)  -> (artifact id: 'c339e1f24f59c19aae7c56724ce86c11') in 1.589488 seconds 
========================================================================
Received Prepare
Registering precompiled user dll's ...
Registered in 0.004378 seconds.
Begin MonoManager ReloadAssembly
Native extension for WindowsStandalone target not found
Native extension for WebGL target not found
Refreshing native plugins compatible for Editor in 1.96 ms, found 2 plugins.
Preloading 0 native plugins for Editor in 0.00 ms.
Mono: successfully reloaded assembly
- Completed reload, in  2.230 seconds
Platform modules already initialized, skipping
Shader 'Universal Render Pipeline/Particles/Lit': fallback shader 'Universal Render Pipeline/Particles/SimpleLit' not found
Refreshing native plugins compatible for Editor in 1.13 ms, found 2 plugins.
Preloading 0 native plugins for Editor in 0.00 ms.
Unloading 4425 Unused Serialized files (Serialized files now loaded: 0)
System memory in use before: 178.1 MB.
System memory in use after: 178.4 MB.

Unloading 16 unused Assets to reduce memory usage. Loaded Objects now: 5308.
Total: 4.037000 ms (FindLiveObjects: 0.374700 ms CreateObjectMapping: 0.204900 ms MarkObjects: 3.314500 ms  DeleteObjects: 0.141000 ms)

========================================================================
Received Prepare
Registering precompiled user dll's ...
Registered in 0.005233 seconds.
Begin MonoManager ReloadAssembly
Native extension for WindowsStandalone target not found
Native extension for WebGL target not found
Refreshing native plugins compatible for Editor in 1.01 ms, found 2 plugins.
Preloading 0 native plugins for Editor in 0.00 ms.
Mono: successfully reloaded assembly
- Completed reload, in  1.698 seconds
Platform modules already initialized, skipping
Shader 'Universal Render Pipeline/Particles/Lit': fallback shader 'Universal Render Pipeline/Particles/SimpleLit' not found
Refreshing native plugins compatible for Editor in 1.03 ms, found 2 plugins.
Preloading 0 native plugins for Editor in 0.00 ms.
Unloading 4425 Unused Serialized files (Serialized files now loaded: 0)
System memory in use before: 178.1 MB.
System memory in use after: 178.4 MB.

Unloading 12 unused Assets to reduce memory usage. Loaded Objects now: 5312.
Total: 6.758500 ms (FindLiveObjects: 0.611200 ms CreateObjectMapping: 0.281100 ms MarkObjects: 5.836100 ms  DeleteObjects: 0.027900 ms)

========================================================================
Received Prepare
Registering precompiled user dll's ...
Registered in 0.004437 seconds.
Begin MonoManager ReloadAssembly
Native extension for WindowsStandalone target not found
Native extension for WebGL target not found
Refreshing native plugins compatible for Editor in 1.01 ms, found 2 plugins.
Preloading 0 native plugins for Editor in 0.00 ms.
Mono: successfully reloaded assembly
- Completed reload, in  1.943 seconds
Platform modules already initialized, skipping
Shader 'Universal Render Pipeline/Particles/Lit': fallback shader 'Universal Render Pipeline/Particles/SimpleLit' not found
Refreshing native plugins compatible for Editor in 1.04 ms, found 2 plugins.
Preloading 0 native plugins for Editor in 0.00 ms.
Unloading 4425 Unused Serialized files (Serialized files now loaded: 0)
System memory in use before: 178.2 MB.
System memory in use after: 178.5 MB.

Unloading 12 unused Assets to reduce memory usage. Loaded Objects now: 5316.
Total: 3.819900 ms (FindLiveObjects: 0.417200 ms CreateObjectMapping: 0.214700 ms MarkObjects: 3.162600 ms  DeleteObjects: 0.024100 ms)

========================================================================
Received Import Request.
  Time since last request: 164.658769 seconds.
  path: Assets/NovaStuff/EnemyLogic/BulletHellStuffs/Prefabs/Pattern1.prefab
  artifactKey: Guid(e614d88c08310784994a134ab8626bc3) Importer(815301076,1909f56bfc062723c751e8b465ee728b)
Start importing Assets/NovaStuff/EnemyLogic/BulletHellStuffs/Prefabs/Pattern1.prefab using Guid(e614d88c08310784994a134ab8626bc3) Importer(815301076,1909f56bfc062723c751e8b465ee728b)  -> (artifact id: '289f5095302e5d1aca81c5f18d3a6b9e') in 0.061403 seconds 
========================================================================
Received Prepare
Registering precompiled user dll's ...
Registered in 0.004444 seconds.
Begin MonoManager ReloadAssembly
Native extension for WindowsStandalone target not found
Native extension for WebGL target not found
Refreshing native plugins compatible for Editor in 1.05 ms, found 2 plugins.
Preloading 0 native plugins for Editor in 0.00 ms.
Mono: successfully reloaded assembly
- Completed reload, in  1.911 seconds
Platform modules already initialized, skipping
Shader 'Universal Render Pipeline/Particles/Lit': fallback shader 'Universal Render Pipeline/Particles/SimpleLit' not found
Refreshing native plugins compatible for Editor in 1.00 ms, found 2 plugins.
Preloading 0 native plugins for Editor in 0.00 ms.
Unloading 4425 Unused Serialized files (Serialized files now loaded: 0)
System memory in use before: 178.2 MB.
System memory in use after: 178.5 MB.

Unloading 14 unused Assets to reduce memory usage. Loaded Objects now: 5320.
Total: 4.019800 ms (FindLiveObjects: 0.475800 ms CreateObjectMapping: 0.321500 ms MarkObjects: 3.150800 ms  DeleteObjects: 0.070000 ms)

========================================================================
Received Prepare
Registering precompiled user dll's ...
Registered in 0.004396 seconds.
Begin MonoManager ReloadAssembly
Native extension for WindowsStandalone target not found
Native extension for WebGL target not found
Refreshing native plugins compatible for Editor in 1.12 ms, found 2 plugins.
Preloading 0 native plugins for Editor in 0.00 ms.
Mono: successfully reloaded assembly
- Completed reload, in  1.833 seconds
Platform modules already initialized, skipping
Shader 'Universal Render Pipeline/Particles/Lit': fallback shader 'Universal Render Pipeline/Particles/SimpleLit' not found
Refreshing native plugins compatible for Editor in 1.20 ms, found 2 plugins.
Preloading 0 native plugins for Editor in 0.00 ms.
Unloading 4425 Unused Serialized files (Serialized files now loaded: 0)
System memory in use before: 178.2 MB.
System memory in use after: 178.5 MB.

Unloading 12 unused Assets to reduce memory usage. Loaded Objects now: 5324.
Total: 5.062600 ms (FindLiveObjects: 0.399900 ms CreateObjectMapping: 0.248100 ms MarkObjects: 4.328800 ms  DeleteObjects: 0.083600 ms)

========================================================================
Received Import Request.
  Time since last request: 30.293165 seconds.
  path: Assets/NovaStuff/EnemyLogic/BulletHellStuffs/Prefabs/Pattern1.prefab
  artifactKey: Guid(e614d88c08310784994a134ab8626bc3) Importer(815301076,1909f56bfc062723c751e8b465ee728b)
Start importing Assets/NovaStuff/EnemyLogic/BulletHellStuffs/Prefabs/Pattern1.prefab using Guid(e614d88c08310784994a134ab8626bc3) Importer(815301076,1909f56bfc062723c751e8b465ee728b)  -> (artifact id: '7857864eb67da215ad9dbb8f29c2585a') in 0.046564 seconds 
========================================================================
Received Prepare
Registering precompiled user dll's ...
Registered in 0.006813 seconds.
Begin MonoManager ReloadAssembly
Native extension for WindowsStandalone target not found
Native extension for WebGL target not found
Refreshing native plugins compatible for Editor in 1.11 ms, found 2 plugins.
Preloading 0 native plugins for Editor in 0.00 ms.
Mono: successfully reloaded assembly
- Completed reload, in  1.832 seconds
Platform modules already initialized, skipping
Shader 'Universal Render Pipeline/Particles/Lit': fallback shader 'Universal Render Pipeline/Particles/SimpleLit' not found
Refreshing native plugins compatible for Editor in 1.43 ms, found 2 plugins.
Preloading 0 native plugins for Editor in 0.00 ms.
Unloading 4425 Unused Serialized files (Serialized files now loaded: 0)
System memory in use before: 178.2 MB.
System memory in use after: 178.5 MB.

Unloading 14 unused Assets to reduce memory usage. Loaded Objects now: 5328.
Total: 5.429200 ms (FindLiveObjects: 0.770700 ms CreateObjectMapping: 0.296500 ms MarkObjects: 4.273800 ms  DeleteObjects: 0.086000 ms)

========================================================================
Received Import Request.
  Time since last request: 37.135419 seconds.
  path: Assets/NovaStuff/EnemyLogic/BulletHellStuffs/Prefabs/Pattern1.prefab
  artifactKey: Guid(e614d88c08310784994a134ab8626bc3) Importer(815301076,1909f56bfc062723c751e8b465ee728b)
Start importing Assets/NovaStuff/EnemyLogic/BulletHellStuffs/Prefabs/Pattern1.prefab using Guid(e614d88c08310784994a134ab8626bc3) Importer(815301076,1909f56bfc062723c751e8b465ee728b)  -> (artifact id: '5f9802f7ed209a05d8cd8ffaa857ff70') in 0.057983 seconds 
========================================================================
Received Prepare
Registering precompiled user dll's ...
Registered in 0.004466 seconds.
Begin MonoManager ReloadAssembly
Native extension for WindowsStandalone target not found
Native extension for WebGL target not found
Refreshing native plugins compatible for Editor in 1.44 ms, found 2 plugins.
Preloading 0 native plugins for Editor in 0.00 ms.
Mono: successfully reloaded assembly
- Completed reload, in  1.693 seconds
Platform modules already initialized, skipping
Shader 'Universal Render Pipeline/Particles/Lit': fallback shader 'Universal Render Pipeline/Particles/SimpleLit' not found
Refreshing native plugins compatible for Editor in 1.03 ms, found 2 plugins.
Preloading 0 native plugins for Editor in 0.00 ms.
Unloading 4425 Unused Serialized files (Serialized files now loaded: 0)
System memory in use before: 178.2 MB.
System memory in use after: 178.5 MB.

Unloading 14 unused Assets to reduce memory usage. Loaded Objects now: 5332.
Total: 4.235900 ms (FindLiveObjects: 0.487600 ms CreateObjectMapping: 0.344800 ms MarkObjects: 3.325600 ms  DeleteObjects: 0.076400 ms)

========================================================================
Received Prepare
Registering precompiled user dll's ...
Registered in 0.006335 seconds.
Begin MonoManager ReloadAssembly
Native extension for WindowsStandalone target not found
Native extension for WebGL target not found
Refreshing native plugins compatible for Editor in 1.56 ms, found 2 plugins.
Preloading 0 native plugins for Editor in 0.00 ms.
Mono: successfully reloaded assembly
- Completed reload, in  1.887 seconds
Platform modules already initialized, skipping
Shader 'Universal Render Pipeline/Particles/Lit': fallback shader 'Universal Render Pipeline/Particles/SimpleLit' not found
Refreshing native plugins compatible for Editor in 2.33 ms, found 2 plugins.
Preloading 0 native plugins for Editor in 0.00 ms.
Unloading 4425 Unused Serialized files (Serialized files now loaded: 0)
System memory in use before: 178.2 MB.
System memory in use after: 178.5 MB.

Unloading 12 unused Assets to reduce memory usage. Loaded Objects now: 5336.
Total: 5.597700 ms (FindLiveObjects: 0.902100 ms CreateObjectMapping: 0.491600 ms MarkObjects: 4.177900 ms  DeleteObjects: 0.024200 ms)

========================================================================
Received Prepare
Registering precompiled user dll's ...
Registered in 0.005358 seconds.
Begin MonoManager ReloadAssembly
Native extension for WindowsStandalone target not found
Native extension for WebGL target not found
Refreshing native plugins compatible for Editor in 0.99 ms, found 2 plugins.
Preloading 0 native plugins for Editor in 0.00 ms.
Mono: successfully reloaded assembly
- Completed reload, in  1.629 seconds
Platform modules already initialized, skipping
Shader 'Universal Render Pipeline/Particles/Lit': fallback shader 'Universal Render Pipeline/Particles/SimpleLit' not found
Refreshing native plugins compatible for Editor in 1.04 ms, found 2 plugins.
Preloading 0 native plugins for Editor in 0.00 ms.
Unloading 4425 Unused Serialized files (Serialized files now loaded: 0)
System memory in use before: 178.3 MB.
System memory in use after: 178.5 MB.

Unloading 12 unused Assets to reduce memory usage. Loaded Objects now: 5340.
Total: 4.258100 ms (FindLiveObjects: 0.426000 ms CreateObjectMapping: 0.242400 ms MarkObjects: 3.559400 ms  DeleteObjects: 0.028300 ms)

========================================================================
Received Prepare
Registering precompiled user dll's ...
Registered in 0.004407 seconds.
Begin MonoManager ReloadAssembly
Native extension for WindowsStandalone target not found
Native extension for WebGL target not found
Refreshing native plugins compatible for Editor in 1.61 ms, found 2 plugins.
Preloading 0 native plugins for Editor in 0.00 ms.
Mono: successfully reloaded assembly
- Completed reload, in  1.852 seconds
Platform modules already initialized, skipping
Shader 'Universal Render Pipeline/Particles/Lit': fallback shader 'Universal Render Pipeline/Particles/SimpleLit' not found
Refreshing native plugins compatible for Editor in 1.16 ms, found 2 plugins.
Preloading 0 native plugins for Editor in 0.00 ms.
Unloading 4425 Unused Serialized files (Serialized files now loaded: 0)
System memory in use before: 178.3 MB.
System memory in use after: 178.5 MB.

Unloading 12 unused Assets to reduce memory usage. Loaded Objects now: 5344.
Total: 5.051800 ms (FindLiveObjects: 0.737000 ms CreateObjectMapping: 0.526500 ms MarkObjects: 3.762100 ms  DeleteObjects: 0.024200 ms)

========================================================================
Received Import Request.
  Time since last request: 262.945619 seconds.
  path: Assets/NovaStuff/EnemyLogic/BulletHellStuffs/Prefabs/Pattern1.prefab
  artifactKey: Guid(e614d88c08310784994a134ab8626bc3) Importer(815301076,1909f56bfc062723c751e8b465ee728b)
Start importing Assets/NovaStuff/EnemyLogic/BulletHellStuffs/Prefabs/Pattern1.prefab using Guid(e614d88c08310784994a134ab8626bc3) Importer(815301076,1909f56bfc062723c751e8b465ee728b)  -> (artifact id: 'cca6a22599327b9b8ddd1d5a563f268d') in 0.049127 seconds 
========================================================================
Received Prepare
Registering precompiled user dll's ...
Registered in 0.004536 seconds.
Begin MonoManager ReloadAssembly
Native extension for WindowsStandalone target not found
Native extension for WebGL target not found
Refreshing native plugins compatible for Editor in 1.37 ms, found 2 plugins.
Preloading 0 native plugins for Editor in 0.00 ms.
Mono: successfully reloaded assembly
- Completed reload, in  1.801 seconds
Platform modules already initialized, skipping
Shader 'Universal Render Pipeline/Particles/Lit': fallback shader 'Universal Render Pipeline/Particles/SimpleLit' not found
Refreshing native plugins compatible for Editor in 1.03 ms, found 2 plugins.
Preloading 0 native plugins for Editor in 0.00 ms.
Unloading 4425 Unused Serialized files (Serialized files now loaded: 0)
System memory in use before: 178.3 MB.
System memory in use after: 178.5 MB.

Unloading 14 unused Assets to reduce memory usage. Loaded Objects now: 5348.
Total: 5.620700 ms (FindLiveObjects: 0.487600 ms CreateObjectMapping: 0.276800 ms MarkObjects: 4.784200 ms  DeleteObjects: 0.070400 ms)

========================================================================
Received Import Request.
  Time since last request: 14.424765 seconds.
  path: Assets/NovaStuff/EnemyLogic/BulletHellStuffs/Prefabs/Pattern1.prefab
  artifactKey: Guid(e614d88c08310784994a134ab8626bc3) Importer(815301076,1909f56bfc062723c751e8b465ee728b)
Start importing Assets/NovaStuff/EnemyLogic/BulletHellStuffs/Prefabs/Pattern1.prefab using Guid(e614d88c08310784994a134ab8626bc3) Importer(815301076,1909f56bfc062723c751e8b465ee728b)  -> (artifact id: '9255db36bf919ffaec64a29677228e45') in 0.052227 seconds 
========================================================================
Received Import Request.
  Time since last request: 12.872837 seconds.
  path: Assets/NovaStuff/EnemyLogic/BulletHellStuffs/Prefabs/Pattern1.prefab
  artifactKey: Guid(e614d88c08310784994a134ab8626bc3) Importer(815301076,1909f56bfc062723c751e8b465ee728b)
Start importing Assets/NovaStuff/EnemyLogic/BulletHellStuffs/Prefabs/Pattern1.prefab using Guid(e614d88c08310784994a134ab8626bc3) Importer(815301076,1909f56bfc062723c751e8b465ee728b)  -> (artifact id: 'dd51b78d9640ac8f64aa0f52bbc8bfe9') in 0.008471 seconds 
========================================================================
Received Prepare
Registering precompiled user dll's ...
Registered in 0.005921 seconds.
Begin MonoManager ReloadAssembly
Native extension for WindowsStandalone target not found
Native extension for WebGL target not found
Refreshing native plugins compatible for Editor in 1.22 ms, found 2 plugins.
Preloading 0 native plugins for Editor in 0.00 ms.
Mono: successfully reloaded assembly
- Completed reload, in  1.796 seconds
Platform modules already initialized, skipping
Shader 'Universal Render Pipeline/Particles/Lit': fallback shader 'Universal Render Pipeline/Particles/SimpleLit' not found
Refreshing native plugins compatible for Editor in 1.38 ms, found 2 plugins.
Preloading 0 native plugins for Editor in 0.00 ms.
Unloading 4425 Unused Serialized files (Serialized files now loaded: 0)
System memory in use before: 178.3 MB.
System memory in use after: 178.5 MB.

Unloading 14 unused Assets to reduce memory usage. Loaded Objects now: 5352.
Total: 4.977200 ms (FindLiveObjects: 0.447100 ms CreateObjectMapping: 0.261400 ms MarkObjects: 4.187800 ms  DeleteObjects: 0.078700 ms)

========================================================================
Received Import Request.
  Time since last request: 17.329447 seconds.
  path: Assets/NovaStuff/EnemyLogic/BulletHellStuffs/Prefabs/Pattern1.prefab
  artifactKey: Guid(e614d88c08310784994a134ab8626bc3) Importer(815301076,1909f56bfc062723c751e8b465ee728b)
Start importing Assets/NovaStuff/EnemyLogic/BulletHellStuffs/Prefabs/Pattern1.prefab using Guid(e614d88c08310784994a134ab8626bc3) Importer(815301076,1909f56bfc062723c751e8b465ee728b)  -> (artifact id: '206455dc1f20a54fcc5b61a86fc78ded') in 0.051787 seconds 
========================================================================
Received Prepare
Registering precompiled user dll's ...
Registered in 0.005261 seconds.
Begin MonoManager ReloadAssembly
Native extension for WindowsStandalone target not found
Native extension for WebGL target not found
Refreshing native plugins compatible for Editor in 1.65 ms, found 2 plugins.
Preloading 0 native plugins for Editor in 0.00 ms.
Mono: successfully reloaded assembly
- Completed reload, in  1.763 seconds
Platform modules already initialized, skipping
Shader 'Universal Render Pipeline/Particles/Lit': fallback shader 'Universal Render Pipeline/Particles/SimpleLit' not found
Refreshing native plugins compatible for Editor in 0.98 ms, found 2 plugins.
Preloading 0 native plugins for Editor in 0.00 ms.
Unloading 4425 Unused Serialized files (Serialized files now loaded: 0)
System memory in use before: 178.3 MB.
System memory in use after: 178.6 MB.

Unloading 14 unused Assets to reduce memory usage. Loaded Objects now: 5356.
Total: 3.974300 ms (FindLiveObjects: 0.384900 ms CreateObjectMapping: 0.220500 ms MarkObjects: 3.294000 ms  DeleteObjects: 0.073100 ms)

========================================================================
Received Prepare
Registering precompiled user dll's ...
Registered in 0.005712 seconds.
Begin MonoManager ReloadAssembly
Native extension for WindowsStandalone target not found
Native extension for WebGL target not found
Refreshing native plugins compatible for Editor in 2.05 ms, found 2 plugins.
Preloading 0 native plugins for Editor in 0.00 ms.
Mono: successfully reloaded assembly
- Completed reload, in  1.700 seconds
Platform modules already initialized, skipping
Shader 'Universal Render Pipeline/Particles/Lit': fallback shader 'Universal Render Pipeline/Particles/SimpleLit' not found
Refreshing native plugins compatible for Editor in 1.41 ms, found 2 plugins.
Preloading 0 native plugins for Editor in 0.00 ms.
Unloading 4425 Unused Serialized files (Serialized files now loaded: 0)
System memory in use before: 178.3 MB.
System memory in use after: 178.6 MB.

Unloading 12 unused Assets to reduce memory usage. Loaded Objects now: 5360.
Total: 3.603300 ms (FindLiveObjects: 0.392800 ms CreateObjectMapping: 0.194000 ms MarkObjects: 2.993300 ms  DeleteObjects: 0.021500 ms)

========================================================================
Received Import Request.
  Time since last request: 189.487184 seconds.
  path: Assets/NovaStuff/EnemyLogic/BulletHellStuffs/Prefabs/Pattern1.prefab
  artifactKey: Guid(e614d88c08310784994a134ab8626bc3) Importer(815301076,1909f56bfc062723c751e8b465ee728b)
Start importing Assets/NovaStuff/EnemyLogic/BulletHellStuffs/Prefabs/Pattern1.prefab using Guid(e614d88c08310784994a134ab8626bc3) Importer(815301076,1909f56bfc062723c751e8b465ee728b)  -> (artifact id: '32548050b8193ef514b1cfde1684b55d') in 0.045077 seconds 
========================================================================
Received Import Request.
  Time since last request: 0.000330 seconds.
  path: Assets/NovaStuff/EnemyLogic/BulletHellStuffs/Prefabs/Pattern2.prefab
  artifactKey: Guid(d8ff4409f2369a8498ca488a92c3064e) Importer(815301076,1909f56bfc062723c751e8b465ee728b)
Start importing Assets/NovaStuff/EnemyLogic/BulletHellStuffs/Prefabs/Pattern2.prefab using Guid(d8ff4409f2369a8498ca488a92c3064e) Importer(815301076,1909f56bfc062723c751e8b465ee728b)  -> (artifact id: '21419d264dc247d5f4b8b2237b443b17') in 0.012796 seconds 
========================================================================
Received Prepare
Registering precompiled user dll's ...
Registered in 0.006240 seconds.
Begin MonoManager ReloadAssembly
Native extension for WindowsStandalone target not found
Native extension for WebGL target not found
Refreshing native plugins compatible for Editor in 0.99 ms, found 2 plugins.
Preloading 0 native plugins for Editor in 0.00 ms.
Mono: successfully reloaded assembly
- Completed reload, in  1.495 seconds
Platform modules already initialized, skipping
Shader 'Universal Render Pipeline/Particles/Lit': fallback shader 'Universal Render Pipeline/Particles/SimpleLit' not found
Refreshing native plugins compatible for Editor in 1.04 ms, found 2 plugins.
Preloading 0 native plugins for Editor in 0.00 ms.
Unloading 4425 Unused Serialized files (Serialized files now loaded: 0)
System memory in use before: 178.3 MB.
System memory in use after: 178.6 MB.

Unloading 14 unused Assets to reduce memory usage. Loaded Objects now: 5364.
Total: 4.871700 ms (FindLiveObjects: 0.457100 ms CreateObjectMapping: 0.276800 ms MarkObjects: 4.048800 ms  DeleteObjects: 0.087100 ms)

========================================================================
Received Import Request.
  Time since last request: 25.379067 seconds.
  path: Assets/NovaStuff/EnemyLogic/BulletHellStuffs/Prefabs/Bullet1 1.prefab
  artifactKey: Guid(0c12f3bb3e400934fa759d0d31dd5530) Importer(815301076,1909f56bfc062723c751e8b465ee728b)
Start importing Assets/NovaStuff/EnemyLogic/BulletHellStuffs/Prefabs/Bullet1 1.prefab using Guid(0c12f3bb3e400934fa759d0d31dd5530) Importer(815301076,1909f56bfc062723c751e8b465ee728b)  -> (artifact id: '7ff94e14453b4dc001f92c778f6c4c79') in 0.234557 seconds 
========================================================================
Received Import Request.
  Time since last request: 9.641528 seconds.
  path: Assets/NovaStuff/EnemyLogic/BulletHellStuffs/Prefabs/Bullet1 1.prefab
  artifactKey: Guid(0c12f3bb3e400934fa759d0d31dd5530) Importer(815301076,1909f56bfc062723c751e8b465ee728b)
Start importing Assets/NovaStuff/EnemyLogic/BulletHellStuffs/Prefabs/Bullet1 1.prefab using Guid(0c12f3bb3e400934fa759d0d31dd5530) Importer(815301076,1909f56bfc062723c751e8b465ee728b)  -> (artifact id: '8b2caad684bb0a0c86bf9641fc550f95') in 0.042989 seconds 
========================================================================
Received Import Request.
  Time since last request: 3.410013 seconds.
  path: Assets/NovaStuff/EnemyLogic/BulletHellStuffs/Prefabs/Bullet1 1.prefab
  artifactKey: Guid(0c12f3bb3e400934fa759d0d31dd5530) Importer(815301076,1909f56bfc062723c751e8b465ee728b)
Start importing Assets/NovaStuff/EnemyLogic/BulletHellStuffs/Prefabs/Bullet1 1.prefab using Guid(0c12f3bb3e400934fa759d0d31dd5530) Importer(815301076,1909f56bfc062723c751e8b465ee728b)  -> (artifact id: '755ac02a6197c87cc1a1c46461ea6c12') in 0.085628 seconds 
========================================================================
Received Import Request.
  Time since last request: 1.531067 seconds.
  path: Assets/NovaStuff/EnemyLogic/BulletHellStuffs/Prefabs/Bullet1 1.prefab
  artifactKey: Guid(0c12f3bb3e400934fa759d0d31dd5530) Importer(815301076,1909f56bfc062723c751e8b465ee728b)
Start importing Assets/NovaStuff/EnemyLogic/BulletHellStuffs/Prefabs/Bullet1 1.prefab using Guid(0c12f3bb3e400934fa759d0d31dd5530) Importer(815301076,1909f56bfc062723c751e8b465ee728b)  -> (artifact id: '5847e66757a2ae54b2994576fb675cf6') in 0.018176 seconds 
========================================================================
Received Import Request.
  Time since last request: 10.649437 seconds.
  path: Assets/NovaStuff/EnemyLogic/BulletHellStuffs/Prefabs/Bullet2(Wall).prefab
  artifactKey: Guid(0c12f3bb3e400934fa759d0d31dd5530) Importer(815301076,1909f56bfc062723c751e8b465ee728b)
Start importing Assets/NovaStuff/EnemyLogic/BulletHellStuffs/Prefabs/Bullet2(Wall).prefab using Guid(0c12f3bb3e400934fa759d0d31dd5530) Importer(815301076,1909f56bfc062723c751e8b465ee728b)  -> (artifact id: 'aae3f675450ff6869eb1c213724c67dc') in 0.019128 seconds 
========================================================================
Received Import Request.
  Time since last request: 6.618021 seconds.
  path: Assets/NovaStuff/EnemyLogic/BulletHellStuffs/Prefabs/Pattern1.prefab
  artifactKey: Guid(e614d88c08310784994a134ab8626bc3) Importer(815301076,1909f56bfc062723c751e8b465ee728b)
Start importing Assets/NovaStuff/EnemyLogic/BulletHellStuffs/Prefabs/Pattern1.prefab using Guid(e614d88c08310784994a134ab8626bc3) Importer(815301076,1909f56bfc062723c751e8b465ee728b)  -> (artifact id: '758825e8c0d99041a655402078b6c09a') in 0.009654 seconds 
========================================================================
Received Prepare
Registering precompiled user dll's ...
Registered in 0.004506 seconds.
Begin MonoManager ReloadAssembly
Native extension for WindowsStandalone target not found
Native extension for WebGL target not found
Refreshing native plugins compatible for Editor in 0.98 ms, found 2 plugins.
Preloading 0 native plugins for Editor in 0.00 ms.
Mono: successfully reloaded assembly
- Completed reload, in  1.552 seconds
Platform modules already initialized, skipping
Shader 'Universal Render Pipeline/Particles/Lit': fallback shader 'Universal Render Pipeline/Particles/SimpleLit' not found
Refreshing native plugins compatible for Editor in 1.02 ms, found 2 plugins.
Preloading 0 native plugins for Editor in 0.00 ms.
Unloading 4425 Unused Serialized files (Serialized files now loaded: 0)
System memory in use before: 178.6 MB.
System memory in use after: 178.9 MB.

Unloading 14 unused Assets to reduce memory usage. Loaded Objects now: 5406.
Total: 3.657800 ms (FindLiveObjects: 0.426700 ms CreateObjectMapping: 0.206100 ms MarkObjects: 2.947000 ms  DeleteObjects: 0.076300 ms)

========================================================================
Received Import Request.
  Time since last request: 28.667534 seconds.
  path: Assets/NovaStuff/EnemyLogic/BulletHellStuffs/Prefabs/Bullet2(Wall).prefab
  artifactKey: Guid(0c12f3bb3e400934fa759d0d31dd5530) Importer(815301076,1909f56bfc062723c751e8b465ee728b)
Start importing Assets/NovaStuff/EnemyLogic/BulletHellStuffs/Prefabs/Bullet2(Wall).prefab using Guid(0c12f3bb3e400934fa759d0d31dd5530) Importer(815301076,1909f56bfc062723c751e8b465ee728b)  -> (artifact id: 'c42658469489e10934ea660f3e3c3223') in 0.210326 seconds 
========================================================================
Received Import Request.
  Time since last request: 9.742399 seconds.
  path: Assets/NovaStuff/EnemyLogic/BulletHellStuffs/Prefabs/Bullet2(Wall).prefab
  artifactKey: Guid(0c12f3bb3e400934fa759d0d31dd5530) Importer(815301076,1909f56bfc062723c751e8b465ee728b)
Start importing Assets/NovaStuff/EnemyLogic/BulletHellStuffs/Prefabs/Bullet2(Wall).prefab using Guid(0c12f3bb3e400934fa759d0d31dd5530) Importer(815301076,1909f56bfc062723c751e8b465ee728b)  -> (artifact id: 'd5a7b51c8a52f22117b29816df50373c') in 0.024429 seconds 
========================================================================
Received Import Request.
  Time since last request: 5.459337 seconds.
  path: Assets/NovaStuff/EnemyLogic/BulletHellStuffs/Prefabs/Bullet2(Wall).prefab
  artifactKey: Guid(0c12f3bb3e400934fa759d0d31dd5530) Importer(815301076,1909f56bfc062723c751e8b465ee728b)
Start importing Assets/NovaStuff/EnemyLogic/BulletHellStuffs/Prefabs/Bullet2(Wall).prefab using Guid(0c12f3bb3e400934fa759d0d31dd5530) Importer(815301076,1909f56bfc062723c751e8b465ee728b)  -> (artifact id: 'd0634d888b982252ba05aef37fdd03a0') in 0.016786 seconds 
========================================================================
Received Import Request.
  Time since last request: 5.290291 seconds.
  path: Assets/NovaStuff/EnemyLogic/BulletHellStuffs/Prefabs/Bullet2(Wall).prefab
  artifactKey: Guid(0c12f3bb3e400934fa759d0d31dd5530) Importer(815301076,1909f56bfc062723c751e8b465ee728b)
Start importing Assets/NovaStuff/EnemyLogic/BulletHellStuffs/Prefabs/Bullet2(Wall).prefab using Guid(0c12f3bb3e400934fa759d0d31dd5530) Importer(815301076,1909f56bfc062723c751e8b465ee728b)  -> (artifact id: 'ca53d4ba5bf55abf46967aba8be2591d') in 0.018249 seconds 
========================================================================
Received Import Request.
  Time since last request: 1.182646 seconds.
  path: Assets/NovaStuff/EnemyLogic/BulletHellStuffs/Prefabs/Bullet2(Wall).prefab
  artifactKey: Guid(0c12f3bb3e400934fa759d0d31dd5530) Importer(815301076,1909f56bfc062723c751e8b465ee728b)
Start importing Assets/NovaStuff/EnemyLogic/BulletHellStuffs/Prefabs/Bullet2(Wall).prefab using Guid(0c12f3bb3e400934fa759d0d31dd5530) Importer(815301076,1909f56bfc062723c751e8b465ee728b)  -> (artifact id: '64119f6e4f8fd55b19473abcdeceb671') in 0.018323 seconds 
========================================================================
Received Import Request.
  Time since last request: 2.883877 seconds.
  path: Assets/NovaStuff/EnemyLogic/BulletHellStuffs/Prefabs/Bullet2(Wall).prefab
  artifactKey: Guid(0c12f3bb3e400934fa759d0d31dd5530) Importer(815301076,1909f56bfc062723c751e8b465ee728b)
Start importing Assets/NovaStuff/EnemyLogic/BulletHellStuffs/Prefabs/Bullet2(Wall).prefab using Guid(0c12f3bb3e400934fa759d0d31dd5530) Importer(815301076,1909f56bfc062723c751e8b465ee728b)  -> (artifact id: '437140af4ddaa8fecbef638921d19aad') in 0.019395 seconds 
========================================================================
Received Import Request.
  Time since last request: 1.815673 seconds.
  path: Assets/NovaStuff/EnemyLogic/BulletHellStuffs/Prefabs/Bullet2(Wall).prefab
  artifactKey: Guid(0c12f3bb3e400934fa759d0d31dd5530) Importer(815301076,1909f56bfc062723c751e8b465ee728b)
Start importing Assets/NovaStuff/EnemyLogic/BulletHellStuffs/Prefabs/Bullet2(Wall).prefab using Guid(0c12f3bb3e400934fa759d0d31dd5530) Importer(815301076,1909f56bfc062723c751e8b465ee728b)  -> (artifact id: 'beda927c3c74dfe713ea3df848a5991a') in 0.017786 seconds 
========================================================================
Received Import Request.
  Time since last request: 3.934277 seconds.
  path: Assets/NovaStuff/EnemyLogic/BulletHellStuffs/Prefabs/Bullet2(Wall).prefab
  artifactKey: Guid(0c12f3bb3e400934fa759d0d31dd5530) Importer(815301076,1909f56bfc062723c751e8b465ee728b)
Start importing Assets/NovaStuff/EnemyLogic/BulletHellStuffs/Prefabs/Bullet2(Wall).prefab using Guid(0c12f3bb3e400934fa759d0d31dd5530) Importer(815301076,1909f56bfc062723c751e8b465ee728b)  -> (artifact id: '6cc82a30dc2daa32a30afbe96f74bda4') in 0.022146 seconds 
========================================================================
Received Prepare
Registering precompiled user dll's ...
Registered in 0.006221 seconds.
Begin MonoManager ReloadAssembly
Native extension for WindowsStandalone target not found
Native extension for WebGL target not found
Refreshing native plugins compatible for Editor in 1.44 ms, found 2 plugins.
Preloading 0 native plugins for Editor in 0.00 ms.
Mono: successfully reloaded assembly
- Completed reload, in  1.899 seconds
Platform modules already initialized, skipping
Shader 'Universal Render Pipeline/Particles/Lit': fallback shader 'Universal Render Pipeline/Particles/SimpleLit' not found
Refreshing native plugins compatible for Editor in 1.02 ms, found 2 plugins.
Preloading 0 native plugins for Editor in 0.00 ms.
Unloading 4425 Unused Serialized files (Serialized files now loaded: 0)
System memory in use before: 178.7 MB.
System memory in use after: 179.0 MB.

Unloading 14 unused Assets to reduce memory usage. Loaded Objects now: 5448.
Total: 3.947600 ms (FindLiveObjects: 0.420800 ms CreateObjectMapping: 0.200800 ms MarkObjects: 3.248500 ms  DeleteObjects: 0.076000 ms)

========================================================================
Received Import Request.
  Time since last request: 29.761603 seconds.
  path: Assets/NovaStuff/EnemyLogic/BulletHellStuffs/Prefabs/Bullet2(Wall).prefab
  artifactKey: Guid(0c12f3bb3e400934fa759d0d31dd5530) Importer(815301076,1909f56bfc062723c751e8b465ee728b)
Start importing Assets/NovaStuff/EnemyLogic/BulletHellStuffs/Prefabs/Bullet2(Wall).prefab using Guid(0c12f3bb3e400934fa759d0d31dd5530) Importer(815301076,1909f56bfc062723c751e8b465ee728b)  -> (artifact id: 'bb6148287547be7ee9c84c6617aa1b89') in 0.232316 seconds 
========================================================================
Received Import Request.
  Time since last request: 5.637830 seconds.
  path: Assets/NovaStuff/EnemyLogic/BulletHellStuffs/Prefabs/Bullet2(Wall).prefab
  artifactKey: Guid(0c12f3bb3e400934fa759d0d31dd5530) Importer(815301076,1909f56bfc062723c751e8b465ee728b)
Start importing Assets/NovaStuff/EnemyLogic/BulletHellStuffs/Prefabs/Bullet2(Wall).prefab using Guid(0c12f3bb3e400934fa759d0d31dd5530) Importer(815301076,1909f56bfc062723c751e8b465ee728b)  -> (artifact id: '6a7c068fa53c27ff531f8c762ac011e7') in 0.018352 seconds 
========================================================================
Received Prepare
Registering precompiled user dll's ...
Registered in 0.004405 seconds.
Begin MonoManager ReloadAssembly
Native extension for WindowsStandalone target not found
Native extension for WebGL target not found
Refreshing native plugins compatible for Editor in 1.33 ms, found 2 plugins.
Preloading 0 native plugins for Editor in 0.00 ms.
Mono: successfully reloaded assembly
- Completed reload, in  1.577 seconds
Platform modules already initialized, skipping
Shader 'Universal Render Pipeline/Particles/Lit': fallback shader 'Universal Render Pipeline/Particles/SimpleLit' not found
Refreshing native plugins compatible for Editor in 1.44 ms, found 2 plugins.
Preloading 0 native plugins for Editor in 0.00 ms.
Unloading 4425 Unused Serialized files (Serialized files now loaded: 0)
System memory in use before: 178.9 MB.
System memory in use after: 179.1 MB.

Unloading 14 unused Assets to reduce memory usage. Loaded Objects now: 5490.
Total: 4.779800 ms (FindLiveObjects: 0.454100 ms CreateObjectMapping: 0.300600 ms MarkObjects: 3.899400 ms  DeleteObjects: 0.123600 ms)

